<?xml version="1.0" encoding="UTF-8"?>
<!-- Generated by org.testng.reporters.JUnitReportReporter -->
<testsuite hostname="kamals-MacBook-Air.local" failures="0" tests="2" name="com.example.GroupTesting" time="34.102" errors="0" timestamp="2024-01-05T10:39:37 IST" skipped="0">
  <testcase classname="com.example.GroupTesting" name="myntra" time="16.536"/>
  <system-out/>
  <testcase classname="com.example.GroupTesting" name="flipkart" time="17.566"/>
  <system-out/>
</testsuite> <!-- com.example.GroupTesting -->
