<?xml version="1.0" encoding="UTF-8"?>
<!-- Generated by org.testng.reporters.JUnitReportReporter -->
<testsuite hostname="kamals-MacBook-Air.local" failures="0" tests="6" name="com.example.PriorityTesting" time="0.045" errors="0" timestamp="2024-01-04T12:42:10 IST" skipped="0">
  <testcase classname="com.example.PriorityTesting" name="signup" time="0.031"/>
  <system-out/>
  <testcase classname="com.example.PriorityTesting" name="signin" time="0.004"/>
  <system-out/>
  <testcase classname="com.example.PriorityTesting" name="search" time="0.003"/>
  <system-out/>
  <testcase classname="com.example.PriorityTesting" name="book" time="0.002"/>
  <system-out/>
  <testcase classname="com.example.PriorityTesting" name="pay" time="0.002"/>
  <system-out/>
  <testcase classname="com.example.PriorityTesting" name="logoff" time="0.003"/>
  <system-out/>
</testsuite> <!-- com.example.PriorityTesting -->
