<?xml version="1.0" encoding="UTF-8"?>
<!-- Generated by org.testng.reporters.JUnitReportReporter -->
<testsuite hostname="kamals-MacBook-Air.local" failures="0" tests="1" name="com.example.NewTest1" time="1.960" errors="0" timestamp="2024-01-05T10:03:51 IST" skipped="0">
  <testcase classname="com.example.NewTest1" name="test1" time="1.960"/>
  <system-out/>
</testsuite> <!-- com.example.NewTest1 -->
